<?xml version="1.0" encoding="UTF-8"?>
<coverage generated="1765229260164" clover="3.2.0">
  <project timestamp="1765229260164" name="All files">
    <metrics statements="14" coveredstatements="14" conditionals="0" coveredconditionals="0" methods="2" coveredmethods="2" elements="16" coveredelements="16" complexity="0" loc="14" ncloc="14" packages="2" files="2" classes="2"/>
    <package name="credentials">
      <metrics statements="7" coveredstatements="7" conditionals="0" coveredconditionals="0" methods="1" coveredmethods="1"/>
      <file name="listmonkApi.credentials.ts" path="/Users/mfenner/Documents/n8n-nodes-listmonk/credentials/listmonkApi.credentials.ts">
        <metrics statements="7" coveredstatements="7" conditionals="0" coveredconditionals="0" methods="1" coveredmethods="1"/>
        <line num="8" count="1" type="stmt"/>
        <line num="9" count="3" type="stmt"/>
        <line num="10" count="3" type="stmt"/>
        <line num="11" count="3" type="stmt"/>
        <line num="12" count="3" type="stmt"/>
        <line num="40" count="3" type="stmt"/>
        <line num="51" count="3" type="stmt"/>
      </file>
    </package>
    <package name="nodes.listmonk">
      <metrics statements="7" coveredstatements="7" conditionals="0" coveredconditionals="0" methods="1" coveredmethods="1"/>
      <file name="listmonk.node.ts" path="/Users/mfenner/Documents/n8n-nodes-listmonk/nodes/listmonk/listmonk.node.ts">
        <metrics statements="7" coveredstatements="7" conditionals="0" coveredconditionals="0" methods="1" coveredmethods="1"/>
        <line num="2" count="8" type="stmt"/>
        <line num="6" count="8" type="stmt"/>
        <line num="8" count="8" type="stmt"/>
        <line num="9" count="8" type="stmt"/>
        <line num="10" count="8" type="stmt"/>
        <line num="12" count="8" type="stmt"/>
        <line num="13" count="8" type="stmt"/>
      </file>
    </package>
  </project>
</coverage>
