{"/Users/mfenner/Documents/n8n-nodes-listmonk/credentials/listmonkApi.credentials.ts": {"path":"/Users/mfenner/Documents/n8n-nodes-listmonk/credentials/listmonkApi.credentials.ts","statementMap":{"0":{"start":{"line":9,"column":2},"end":{"line":9,"column":23}},"1":{"start":{"line":10,"column":2},"end":{"line":10,"column":31}},"2":{"start":{"line":11,"column":2},"end":{"line":11,"column":54}},"3":{"start":{"line":12,"column":2},"end":{"line":37,"column":4}},"4":{"start":{"line":40,"column":2},"end":{"line":48,"column":4}},"5":{"start":{"line":51,"column":2},"end":{"line":58,"column":4}},"6":{"start":{"line":8,"column":0},"end":{"line":8,"column":13}}},"fnMap":{"0":{"name":"(anonymous_0)","decl":{"start":{"line":8,"column":0},"end":{"line":8,"column":13}},"loc":{"start":{"line":8,"column":0},"end":{"line":59,"column":1}}}},"branchMap":{},"s":{"0":3,"1":3,"2":3,"3":3,"4":3,"5":3,"6":1},"f":{"0":3},"b":{}}
,"/Users/mfenner/Documents/n8n-nodes-listmonk/nodes/listmonk/listmonk.node.ts": {"path":"/Users/mfenner/Documents/n8n-nodes-listmonk/nodes/listmonk/listmonk.node.ts","statementMap":{"0":{"start":{"line":2,"column":0},"end":{"line":2,"column":null}},"1":{"start":{"line":6,"column":0},"end":{"line":6,"column":38}},"2":{"start":{"line":8,"column":43},"end":{"line":8,"column":45}},"3":{"start":{"line":9,"column":15},"end":{"line":9,"column":59}},"4":{"start":{"line":10,"column":19},"end":{"line":10,"column":33}},"5":{"start":{"line":13,"column":2},"end":{"line":41,"column":4}},"6":{"start":{"line":12,"column":0},"end":{"line":12,"column":13}}},"fnMap":{"0":{"name":"(anonymous_6)","decl":{"start":{"line":12,"column":0},"end":{"line":12,"column":13}},"loc":{"start":{"line":12,"column":0},"end":{"line":42,"column":1}}}},"branchMap":{},"s":{"0":8,"1":8,"2":8,"3":8,"4":8,"5":8,"6":8},"f":{"0":8},"b":{}}
}
